<?xml version="1.0" encoding="UTF-8"?>
<testng-results ignored="0" total="1" passed="1" failed="0" skipped="0">
  <reporter-output>
  </reporter-output>
  <suite started-at="2022-02-18T20:11:26 IST" name="Default suite" finished-at="2022-02-18T20:11:54 IST" duration-ms="28520">
    <groups>
    </groups>
    <test started-at="2022-02-18T20:11:26 IST" name="Default test" finished-at="2022-02-18T20:11:54 IST" duration-ms="28520">
      <class name="apidemos.ApiDrapdrop">
        <test-method signature="dragdrop()[pri:0, instance:apidemos.ApiDrapdrop@3b0fe47a]" started-at="2022-02-18T20:11:26 IST" name="dragdrop" finished-at="2022-02-18T20:11:54 IST" duration-ms="28418" status="PASS">
          <reporter-output>
          </reporter-output>
        </test-method> <!-- dragdrop -->
      </class> <!-- apidemos.ApiDrapdrop -->
    </test> <!-- Default test -->
  </suite> <!-- Default suite -->
</testng-results>
